<?xml version="1.0" encoding="UTF-8"?>
<testng-results ignored="0" total="1" passed="1" failed="0" skipped="0">
  <reporter-output>
  </reporter-output>
  <suite started-at="2025-05-31T18:28:01 IST" name="Default suite" finished-at="2025-05-31T18:28:19 IST" duration-ms="18125">
    <groups>
    </groups>
    <test started-at="2025-05-31T18:28:01 IST" name="Default test" finished-at="2025-05-31T18:28:19 IST" duration-ms="18125">
      <class name="playwright777.playwrightpractice.Test7">
        <test-method signature="verify()[pri:0, instance:playwright777.playwrightpractice.Test7@5a56cdac]" started-at="2025-05-31T18:28:01 IST" name="verify" finished-at="2025-05-31T18:28:19 IST" duration-ms="18022" status="PASS">
          <reporter-output>
          </reporter-output>
        </test-method> <!-- verify -->
      </class> <!-- playwright777.playwrightpractice.Test7 -->
    </test> <!-- Default test -->
  </suite> <!-- Default suite -->
</testng-results>
